<?xml version="1.0" encoding="UTF-8"?>
<!-- Generated by org.testng.reporters.JUnitReportReporter -->
<testsuite hostname="LAPTOP-4NL42U64" failures="0" tests="1" name="testcase.Main_S" time="27.613" errors="0" timestamp="2025-02-02T16:13:31 IST" skipped="0">
  <testcase classname="testcase.Main_S" name="supp" time="27.613"/>
</testsuite> <!-- testcase.Main_S -->
