<?xml version="1.0" encoding="UTF-8"?>
<!-- Generated by org.testng.reporters.JUnitReportReporter -->
<testsuite hostname="LAPTOP-4NL42U64" failures="0" tests="1" name="testcase.Main_M" time="20.830" errors="0" timestamp="2025-02-01T12:46:46 IST" skipped="0">
  <testcase classname="testcase.Main_M" name="Main" time="20.830"/>
</testsuite> <!-- testcase.Main_M -->
